# JRE version: OpenJDK Runtime Environment (8.0_151-b12) (build 1.8.0_151-8u151-b12-1~deb9u1-b12)
# Java VM: OpenJDK Server VM (25.151-b12 mixed mode linux-x86 )
Heap:
 PSYoungGen      total 224256K, used 17301K [0x918c0000, 0xa1d00000, 0xa6e00000)
  eden space 224000K, 7% used [0x918c0000,0x92990538,0x9f380000)
  from space 256K, 33% used [0xa1cc0000,0xa1cd5270,0xa1d00000)
  to   space 5632K, 0% used [0xa1200000,0xa1200000,0xa1780000)
 ParOldGen       total 43776K, used 11672K [0x66e00000, 0x698c0000, 0x918c0000)
  object space 43776K, 26% used [0x66e00000,0x67966260,0x698c0000)
 Metaspace       used 9924K, capacity 10446K, committed 10520K, reserved 10544K
GC Heap History (10 events):
Event: 33,939 GC heap before
{Heap before GC invocations=14 (full 0):
 PSYoungGen      total 175616K, used 169824K [0x918c0000, 0xa2dc0000, 0xa6e00000)
  eden space 169216K, 100% used [0x918c0000,0x9be00000,0x9be00000)
  from space 6400K, 9% used [0x9be00000,0x9be98000,0x9c440000)
  to   space 6400K, 0% used [0xa2780000,0xa2780000,0xa2dc0000)
 ParOldGen       total 43776K, used 9810K [0x66e00000, 0x698c0000, 0x918c0000)
  object space 43776K, 22% used [0x66e00000,0x67794b88,0x698c0000)
 Metaspace       used 9714K, capacity 10239K, committed 10264K, reserved 10544K
Event: 33,940 GC heap after
Heap after GC invocations=14 (full 0):
 PSYoungGen      total 276736K, used 144K [0x918c0000, 0xa2d40000, 0xa6e00000)
  eden space 270848K, 0% used [0x918c0000,0x918c0000,0xa2140000)
  from space 5888K, 2% used [0xa2780000,0xa27a4130,0xa2d40000)
  to   space 6144K, 0% used [0xa2140000,0xa2140000,0xa2740000)
 ParOldGen       total 43776K, used 10298K [0x66e00000, 0x698c0000, 0x918c0000)
  object space 43776K, 23% used [0x66e00000,0x6780eb88,0x698c0000)
 Metaspace       used 9714K, capacity 10239K, committed 10264K, reserved 10544K
}
Event: 43,020 GC heap before
{Heap before GC invocations=15 (full 0):
 PSYoungGen      total 276736K, used 270992K [0x918c0000, 0xa2d40000, 0xa6e00000)
  eden space 270848K, 100% used [0x918c0000,0xa2140000,0xa2140000)
  from space 5888K, 2% used [0xa2780000,0xa27a4130,0xa2d40000)
  to   space 6144K, 0% used [0xa2140000,0xa2140000,0xa2740000)
 ParOldGen       total 43776K, used 10298K [0x66e00000, 0x698c0000, 0x918c0000)
  object space 43776K, 23% used [0x66e00000,0x6780eb88,0x698c0000)
 Metaspace       used 9855K, capacity 10350K, committed 10392K, reserved 10544K
Event: 43,024 GC heap after
Heap after GC invocations=15 (full 0):
 PSYoungGen      total 259072K, used 656K [0x918c0000, 0xa27c0000, 0xa6e00000)
  eden space 258304K, 0% used [0x918c0000,0x918c0000,0xa1500000)
  from space 768K, 85% used [0xa2140000,0xa21e4000,0xa2200000)
  to   space 5888K, 0% used [0xa2200000,0xa2200000,0xa27c0000)
 ParOldGen       total 43776K, used 10406K [0x66e00000, 0x698c0000, 0x918c0000)
  object space 43776K, 23% used [0x66e00000,0x67829b98,0x698c0000)
 Metaspace       used 9855K, capacity 10350K, committed 10392K, reserved 10544K
}
Event: 43,387 GC heap before
{Heap before GC invocations=16 (full 0):
 PSYoungGen      total 259072K, used 258960K [0x918c0000, 0xa27c0000, 0xa6e00000)
  eden space 258304K, 100% used [0x918c0000,0xa1500000,0xa1500000)
  from space 768K, 85% used [0xa2140000,0xa21e4000,0xa2200000)
  to   space 5888K, 0% used [0xa2200000,0xa2200000,0xa27c0000)
 ParOldGen       total 43776K, used 10406K [0x66e00000, 0x698c0000, 0x918c0000)
  object space 43776K, 23% used [0x66e00000,0x67829b98,0x698c0000)
 Metaspace       used 9857K, capacity 10350K, committed 10392K, reserved 10544K
Event: 43,388 GC heap after
Heap after GC invocations=16 (full 0):
 PSYoungGen      total 246528K, used 72K [0x918c0000, 0xa2240000, 0xa6e00000)
  eden space 246272K, 0% used [0x918c0000,0x918c0000,0xa0940000)
  from space 256K, 28% used [0xa2200000,0xa22121a8,0xa2240000)
  to   space 5888K, 0% used [0xa16c0000,0xa16c0000,0xa1c80000)
 ParOldGen       total 43776K, used 11019K [0x66e00000, 0x698c0000, 0x918c0000)
  object space 43776K, 25% used [0x66e00000,0x678c2d60,0x698c0000)
 Metaspace       used 9857K, capacity 10350K, committed 10392K, reserved 10544K
}
Event: 48,476 GC heap before
{Heap before GC invocations=17 (full 0):
 PSYoungGen      total 246528K, used 246344K [0x918c0000, 0xa2240000, 0xa6e00000)
  eden space 246272K, 100% used [0x918c0000,0xa0940000,0xa0940000)
  from space 256K, 28% used [0xa2200000,0xa22121a8,0xa2240000)
  to   space 5888K, 0% used [0xa16c0000,0xa16c0000,0xa1c80000)
 ParOldGen       total 43776K, used 11019K [0x66e00000, 0x698c0000, 0x918c0000)
  object space 43776K, 25% used [0x66e00000,0x678c2d60,0x698c0000)
 Metaspace       used 9910K, capacity 10414K, committed 10520K, reserved 10544K
Event: 48,484 GC heap after
Heap after GC invocations=17 (full 0):
 PSYoungGen      total 240640K, used 666K [0x918c0000, 0xa2240000, 0xa6e00000)
  eden space 234752K, 0% used [0x918c0000,0x918c0000,0x9fe00000)
  from space 5888K, 11% used [0xa16c0000,0xa1766b70,0xa1c80000)
  to   space 5632K, 0% used [0xa1cc0000,0xa1cc0000,0xa2240000)
 ParOldGen       total 43776K, used 11059K [0x66e00000, 0x698c0000, 0x918c0000)
  object space 43776K, 25% used [0x66e00000,0x678ccf08,0x698c0000)
 Metaspace       used 9910K, capacity 10414K, committed 10520K, reserved 10544K
}
Event: 48,622 GC heap before
{Heap before GC invocations=18 (full 0):
 PSYoungGen      total 240640K, used 235418K [0x918c0000, 0xa2240000, 0xa6e00000)
  eden space 234752K, 100% used [0x918c0000,0x9fe00000,0x9fe00000)
  from space 5888K, 11% used [0xa16c0000,0xa1766b70,0xa1c80000)
  to   space 5632K, 0% used [0xa1cc0000,0xa1cc0000,0xa2240000)
 ParOldGen       total 43776K, used 11059K [0x66e00000, 0x698c0000, 0x918c0000)
  object space 43776K, 25% used [0x66e00000,0x678ccf08,0x698c0000)
 Metaspace       used 9911K, capacity 10414K, committed 10520K, reserved 10544K
Event: 48,623 GC heap after
Heap after GC invocations=18 (full 0):
 PSYoungGen      total 224256K, used 84K [0x918c0000, 0xa1d00000, 0xa6e00000)
  eden space 224000K, 0% used [0x918c0000,0x918c0000,0x9f380000)
  from space 256K, 33% used [0xa1cc0000,0xa1cd5270,0xa1d00000)
  to   space 5632K, 0% used [0xa1200000,0xa1200000,0xa1780000)
 ParOldGen       total 43776K, used 11672K [0x66e00000, 0x698c0000, 0x918c0000)
  object space 43776K, 26% used [0x66e00000,0x67966260,0x698c0000)
 Metaspace       used 9911K, capacity 10414K, committed 10520K, reserved 10544K
}

