# JRE version: OpenJDK Runtime Environment (8.0_151-b12) (build 1.8.0_151-8u151-b12-1~deb9u1-b12)
# Java VM: OpenJDK Server VM (25.151-b12 mixed mode linux-x86 )
Heap:
 PSYoungGen      total 42240K, used 11656K [0x918c0000, 0x962c0000, 0xa6e00000)
  eden space 31232K, 2% used [0x918c0000,0x91964730,0x93740000)
  from space 11008K, 99% used [0x955c0000,0x9607d978,0x96080000)
  to   space 2304K, 0% used [0x96080000,0x96080000,0x962c0000)
 ParOldGen       total 43776K, used 18437K [0x66e00000, 0x698c0000, 0x918c0000)
  object space 43776K, 42% used [0x66e00000,0x680015b8,0x698c0000)
 Metaspace       used 9644K, capacity 10173K, committed 10264K, reserved 10544K
GC Heap History (10 events):
Event: 8,009 GC heap before
{Heap before GC invocations=3 (full 0):
 PSYoungGen      total 19200K, used 19194K [0x918c0000, 0x92e00000, 0xa6e00000)
  eden space 16640K, 100% used [0x918c0000,0x92900000,0x92900000)
  from space 2560K, 99% used [0x92b80000,0x92dfead0,0x92e00000)
  to   space 2560K, 0% used [0x92900000,0x92900000,0x92b80000)
 ParOldGen       total 43776K, used 4286K [0x66e00000, 0x698c0000, 0x918c0000)
  object space 43776K, 9% used [0x66e00000,0x6722f990,0x698c0000)
 Metaspace       used 9075K, capacity 9599K, committed 9624K, reserved 10544K
Event: 8,015 GC heap after
Heap after GC invocations=3 (full 0):
 PSYoungGen      total 19200K, used 2552K [0x918c0000, 0x93e40000, 0xa6e00000)
  eden space 16640K, 0% used [0x918c0000,0x918c0000,0x92900000)
  from space 2560K, 99% used [0x92900000,0x92b7e070,0x92b80000)
  to   space 2560K, 0% used [0x93bc0000,0x93bc0000,0x93e40000)
 ParOldGen       total 43776K, used 5050K [0x66e00000, 0x698c0000, 0x918c0000)
  object space 43776K, 11% used [0x66e00000,0x672eebb8,0x698c0000)
 Metaspace       used 9075K, capacity 9599K, committed 9624K, reserved 10544K
}
Event: 264,812 GC heap before
{Heap before GC invocations=4 (full 0):
 PSYoungGen      total 19200K, used 19192K [0x918c0000, 0x93e40000, 0xa6e00000)
  eden space 16640K, 100% used [0x918c0000,0x92900000,0x92900000)
  from space 2560K, 99% used [0x92900000,0x92b7e070,0x92b80000)
  to   space 2560K, 0% used [0x93bc0000,0x93bc0000,0x93e40000)
 ParOldGen       total 43776K, used 5050K [0x66e00000, 0x698c0000, 0x918c0000)
  object space 43776K, 11% used [0x66e00000,0x672eebb8,0x698c0000)
 Metaspace       used 9437K, capacity 9949K, committed 10008K, reserved 10544K
Event: 264,854 GC heap after
Heap after GC invocations=4 (full 0):
 PSYoungGen      total 35840K, used 2546K [0x918c0000, 0x93e40000, 0xa6e00000)
  eden space 33280K, 0% used [0x918c0000,0x918c0000,0x93940000)
  from space 2560K, 99% used [0x93bc0000,0x93e3c850,0x93e40000)
  to   space 2560K, 0% used [0x93940000,0x93940000,0x93bc0000)
 ParOldGen       total 43776K, used 5670K [0x66e00000, 0x698c0000, 0x918c0000)
  object space 43776K, 12% used [0x66e00000,0x67389a50,0x698c0000)
 Metaspace       used 9437K, capacity 9949K, committed 10008K, reserved 10544K
}
Event: 669,709 GC heap before
{Heap before GC invocations=5 (full 0):
 PSYoungGen      total 35840K, used 35826K [0x918c0000, 0x93e40000, 0xa6e00000)
  eden space 33280K, 100% used [0x918c0000,0x93940000,0x93940000)
  from space 2560K, 99% used [0x93bc0000,0x93e3c850,0x93e40000)
  to   space 2560K, 0% used [0x93940000,0x93940000,0x93bc0000)
 ParOldGen       total 43776K, used 5670K [0x66e00000, 0x698c0000, 0x918c0000)
  object space 43776K, 12% used [0x66e00000,0x67389a50,0x698c0000)
 Metaspace       used 9643K, capacity 10173K, committed 10264K, reserved 10544K
Event: 669,740 GC heap after
Heap after GC invocations=5 (full 0):
 PSYoungGen      total 35840K, used 2558K [0x918c0000, 0x96b40000, 0xa6e00000)
  eden space 33280K, 0% used [0x918c0000,0x918c0000,0x93940000)
  from space 2560K, 99% used [0x93940000,0x93bbf928,0x93bc0000)
  to   space 8960K, 0% used [0x96280000,0x96280000,0x96b40000)
 ParOldGen       total 43776K, used 12713K [0x66e00000, 0x698c0000, 0x918c0000)
  object space 43776K, 29% used [0x66e00000,0x67a6a6f8,0x698c0000)
 Metaspace       used 9643K, capacity 10173K, committed 10264K, reserved 10544K
}
Event: 1077,080 GC heap before
{Heap before GC invocations=6 (full 0):
 PSYoungGen      total 35840K, used 35838K [0x918c0000, 0x96b40000, 0xa6e00000)
  eden space 33280K, 100% used [0x918c0000,0x93940000,0x93940000)
  from space 2560K, 99% used [0x93940000,0x93bbf928,0x93bc0000)
  to   space 8960K, 0% used [0x96280000,0x96280000,0x96b40000)
 ParOldGen       total 43776K, used 12713K [0x66e00000, 0x698c0000, 0x918c0000)
  object space 43776K, 29% used [0x66e00000,0x67a6a6f8,0x698c0000)
 Metaspace       used 9644K, capacity 10173K, committed 10264K, reserved 10544K
Event: 1077,091 GC heap after
Heap after GC invocations=6 (full 0):
 PSYoungGen      total 41216K, used 8957K [0x918c0000, 0x96b40000, 0xa6e00000)
  eden space 32256K, 0% used [0x918c0000,0x918c0000,0x93840000)
  from space 8960K, 99% used [0x96280000,0x96b3f400,0x96b40000)
  to   space 11008K, 0% used [0x955c0000,0x955c0000,0x96080000)
 ParOldGen       total 43776K, used 13373K [0x66e00000, 0x698c0000, 0x918c0000)
  object space 43776K, 30% used [0x66e00000,0x67b0f6f8,0x698c0000)
 Metaspace       used 9644K, capacity 10173K, committed 10264K, reserved 10544K
}
Event: 1494,885 GC heap before
{Heap before GC invocations=7 (full 0):
 PSYoungGen      total 41216K, used 41213K [0x918c0000, 0x96b40000, 0xa6e00000)
  eden space 32256K, 100% used [0x918c0000,0x93840000,0x93840000)
  from space 8960K, 99% used [0x96280000,0x96b3f400,0x96b40000)
  to   space 11008K, 0% used [0x955c0000,0x955c0000,0x96080000)
 ParOldGen       total 43776K, used 13373K [0x66e00000, 0x698c0000, 0x918c0000)
  object space 43776K, 30% used [0x66e00000,0x67b0f6f8,0x698c0000)
 Metaspace       used 9644K, capacity 10173K, committed 10264K, reserved 10544K
Event: 1494,923 GC heap after
Heap after GC invocations=7 (full 0):
 PSYoungGen      total 42240K, used 10998K [0x918c0000, 0x962c0000, 0xa6e00000)
  eden space 31232K, 0% used [0x918c0000,0x918c0000,0x93740000)
  from space 11008K, 99% used [0x955c0000,0x9607d978,0x96080000)
  to   space 2304K, 0% used [0x96080000,0x96080000,0x962c0000)
 ParOldGen       total 43776K, used 18437K [0x66e00000, 0x698c0000, 0x918c0000)
  object space 43776K, 42% used [0x66e00000,0x680015b8,0x698c0000)
 Metaspace       used 9644K, capacity 10173K, committed 10264K, reserved 10544K
}

